<?xml version="1.0" encoding="UTF-8"?>
<testsuite xmlns:xsi="http://www.w3.org/2001/XMLSchema-instance" xsi:noNamespaceSchemaLocation="https://maven.apache.org/surefire/maven-surefire-plugin/xsd/surefire-test-report.xsd" name="guru.sfg.beer.order.service.services.beer.BeerServiceImplTest" time="0.009" tests="1" errors="0" skipped="1" failures="0">
  <properties>
[...]
</properties>
  <testcase name="getBeerByUpc" classname="guru.sfg.beer.order.service.services.beer.BeerServiceImplTest" time="0">
    <skipped message="void guru.sfg.beer.order.service.services.beer.BeerServiceImplTest.getBeerByUpc() is @Disabled"/>
    <system-out><![CDATA[2021-01-06 14:41:09.945  INFO 68334 --- [           main] .b.t.c.SpringBootTestContextBootstrapper : Neither @ContextConfiguration nor @ContextHierarchy found for test class [guru.sfg.beer.order.service.services.beer.BeerServiceImplTest], using SpringBootContextLoader
2021-01-06 14:41:09.946  INFO 68334 --- [           main] o.s.t.c.support.AbstractContextLoader    : Could not detect default resource locations for test class [guru.sfg.beer.order.service.services.beer.BeerServiceImplTest]: no resource found for suffixes {-context.xml, Context.groovy}.
2021-01-06 14:41:09.946  INFO 68334 --- [           main] t.c.s.AnnotationConfigContextLoaderUtils : Could not detect default configuration classes for test class [guru.sfg.beer.order.service.services.beer.BeerServiceImplTest]: BeerServiceImplTest does not declare any static, non-private, non-final, nested classes annotated with @Configuration.
2021-01-06 14:41:09.972  INFO 68334 --- [           main] .b.t.c.SpringBootTestContextBootstrapper : Found @SpringBootConfiguration guru.sfg.beer.order.service.BeerOrderServiceApplication for test class guru.sfg.beer.order.service.services.beer.BeerServiceImplTest
2021-01-06 14:41:09.975  INFO 68334 --- [           main] .b.t.c.SpringBootTestContextBootstrapper : Loaded default TestExecutionListener class names from location [META-INF/spring.factories]: [org.springframework.boot.test.mock.mockito.MockitoTestExecutionListener, org.springframework.boot.test.mock.mockito.ResetMocksTestExecutionListener, org.springframework.boot.test.autoconfigure.restdocs.RestDocsTestExecutionListener, org.springframework.boot.test.autoconfigure.web.client.MockRestServiceServerResetTestExecutionListener, org.springframework.boot.test.autoconfigure.web.servlet.MockMvcPrintOnlyOnFailureTestExecutionListener, org.springframework.boot.test.autoconfigure.web.servlet.WebDriverTestExecutionListener, org.springframework.test.context.web.ServletTestExecutionListener, org.springframework.test.context.support.DirtiesContextBeforeModesTestExecutionListener, org.springframework.test.context.support.DependencyInjectionTestExecutionListener, org.springframework.test.context.support.DirtiesContextTestExecutionListener, org.springframework.test.context.transaction.TransactionalTestExecutionListener, org.springframework.test.context.jdbc.SqlScriptsTestExecutionListener]
2021-01-06 14:41:09.975  INFO 68334 --- [           main] .b.t.c.SpringBootTestContextBootstrapper : Using TestExecutionListeners: [org.springframework.test.context.web.ServletTestExecutionListener@7b88a2e2, org.springframework.test.context.support.DirtiesContextBeforeModesTestExecutionListener@664217a8, org.springframework.boot.test.mock.mockito.MockitoTestExecutionListener@4b4a3114, org.springframework.boot.test.autoconfigure.SpringBootDependencyInjectionTestExecutionListener@4af5c14c, org.springframework.test.context.support.DirtiesContextTestExecutionListener@74d4f542, org.springframework.test.context.transaction.TransactionalTestExecutionListener@25d5327, org.springframework.test.context.jdbc.SqlScriptsTestExecutionListener@188500e9, org.springframework.boot.test.mock.mockito.ResetMocksTestExecutionListener@7c1e5d14, org.springframework.boot.test.autoconfigure.restdocs.RestDocsTestExecutionListener@2fb3c930, org.springframework.boot.test.autoconfigure.web.client.MockRestServiceServerResetTestExecutionListener@479f738a, org.springframework.boot.test.autoconfigure.web.servlet.MockMvcPrintOnlyOnFailureTestExecutionListener@772db1d8, org.springframework.boot.test.autoconfigure.web.servlet.WebDriverTestExecutionListener@7955b4d4]
]]></system-out>
  </testcase>
</testsuite>